{"C:\\Users\\Dell\\Desktop\\UI and Testing\\usability-testing-and-verification-testtrio\\src\\components\\Calender\\Calender.jsx": {"path":"C:\\Users\\Dell\\Desktop\\UI and Testing\\usability-testing-and-verification-testtrio\\src\\components\\Calender\\Calender.jsx","statementMap":{"0":{"start":{"line":11,"column":17},"end":{"line":84,"column":1}},"1":{"start":{"line":12,"column":19},"end":{"line":12,"column":32}},"2":{"start":{"line":13,"column":17},"end":{"line":13,"column":59}},"3":{"start":{"line":13,"column":40},"end":{"line":13,"column":58}},"4":{"start":{"line":15,"column":44},"end":{"line":15,"column":59}},"5":{"start":{"line":16,"column":50},"end":{"line":16,"column":82}},"6":{"start":{"line":17,"column":42},"end":{"line":17,"column":56}},"7":{"start":{"line":19,"column":2},"end":{"line":21,"column":17}},"8":{"start":{"line":20,"column":4},"end":{"line":20,"column":27}},"9":{"start":{"line":23,"column":26},"end":{"line":32,"column":3}},"10":{"start":{"line":24,"column":25},"end":{"line":24,"column":51}},"11":{"start":{"line":25,"column":25},"end":{"line":27,"column":15}},"12":{"start":{"line":29,"column":4},"end":{"line":29,"column":68}},"13":{"start":{"line":30,"column":4},"end":{"line":30,"column":26}},"14":{"start":{"line":31,"column":4},"end":{"line":31,"column":27}},"15":{"start":{"line":34,"column":27},"end":{"line":49,"column":3}},"16":{"start":{"line":35,"column":23},"end":{"line":35,"column":57}},"17":{"start":{"line":36,"column":22},"end":{"line":36,"column":59}},"18":{"start":{"line":38,"column":4},"end":{"line":46,"column":7}},"19":{"start":{"line":48,"column":4},"end":{"line":48,"column":27}},"20":{"start":{"line":52,"column":2},"end":{"line":83,"column":4}},"21":{"start":{"line":76,"column":23},"end":{"line":76,"column":46}}},"fnMap":{"0":{"name":"(anonymous_0)","decl":{"start":{"line":11,"column":17},"end":{"line":11,"column":18}},"loc":{"start":{"line":11,"column":23},"end":{"line":84,"column":1}},"line":11},"1":{"name":"(anonymous_1)","decl":{"start":{"line":13,"column":29},"end":{"line":13,"column":30}},"loc":{"start":{"line":13,"column":40},"end":{"line":13,"column":58}},"line":13},"2":{"name":"(anonymous_2)","decl":{"start":{"line":19,"column":12},"end":{"line":19,"column":13}},"loc":{"start":{"line":19,"column":18},"end":{"line":21,"column":3}},"line":19},"3":{"name":"(anonymous_3)","decl":{"start":{"line":23,"column":26},"end":{"line":23,"column":27}},"loc":{"start":{"line":23,"column":36},"end":{"line":32,"column":3}},"line":23},"4":{"name":"(anonymous_4)","decl":{"start":{"line":34,"column":27},"end":{"line":34,"column":28}},"loc":{"start":{"line":34,"column":42},"end":{"line":49,"column":3}},"line":34},"5":{"name":"(anonymous_5)","decl":{"start":{"line":76,"column":17},"end":{"line":76,"column":18}},"loc":{"start":{"line":76,"column":23},"end":{"line":76,"column":46}},"line":76}},"branchMap":{"0":{"loc":{"start":{"line":13,"column":40},"end":{"line":13,"column":58}},"type":"binary-expr","locations":[{"start":{"line":13,"column":40},"end":{"line":13,"column":52}},{"start":{"line":13,"column":56},"end":{"line":13,"column":58}}],"line":13},"1":{"loc":{"start":{"line":25,"column":25},"end":{"line":27,"column":15}},"type":"cond-expr","locations":[{"start":{"line":26,"column":8},"end":{"line":26,"column":46}},{"start":{"line":27,"column":8},"end":{"line":27,"column":15}}],"line":25},"2":{"loc":{"start":{"line":43,"column":19},"end":{"line":43,"column":66}},"type":"binary-expr","locations":[{"start":{"line":43,"column":19},"end":{"line":43,"column":60}},{"start":{"line":43,"column":64},"end":{"line":43,"column":66}}],"line":43},"3":{"loc":{"start":{"line":44,"column":17},"end":{"line":44,"column":62}},"type":"binary-expr","locations":[{"start":{"line":44,"column":17},"end":{"line":44,"column":56}},{"start":{"line":44,"column":60},"end":{"line":44,"column":62}}],"line":44},"4":{"loc":{"start":{"line":73,"column":7},"end":{"line":81,"column":7}},"type":"binary-expr","locations":[{"start":{"line":73,"column":7},"end":{"line":73,"column":20}},{"start":{"line":74,"column":8},"end":{"line":79,"column":8}}],"line":73}},"s":{"0":1,"1":3,"2":3,"3":6,"4":3,"5":3,"6":3,"7":3,"8":3,"9":3,"10":0,"11":0,"12":0,"13":0,"14":0,"15":3,"16":0,"17":0,"18":0,"19":0,"20":3,"21":0},"f":{"0":3,"1":6,"2":3,"3":0,"4":0,"5":0},"b":{"0":[6,0],"1":[0,0],"2":[0,0],"3":[0,0],"4":[3,0]},"_coverageSchema":"1a1c01bbd47fc00a2c39e90264f33305004495a9","hash":"b346ee031bb8b20dd5e96aae5fa85c61cbbbd15e"}
,"C:\\Users\\Dell\\Desktop\\UI and Testing\\usability-testing-and-verification-testtrio\\src\\components\\Calender\\CreateEvent.jsx": {"path":"C:\\Users\\Dell\\Desktop\\UI and Testing\\usability-testing-and-verification-testtrio\\src\\components\\Calender\\CreateEvent.jsx","statementMap":{"0":{"start":{"line":7,"column":20},"end":{"line":149,"column":1}},"1":{"start":{"line":8,"column":19},"end":{"line":8,"column":32}},"2":{"start":{"line":9,"column":23},"end":{"line":9,"column":71}},"3":{"start":{"line":11,"column":36},"end":{"line":11,"column":73}},"4":{"start":{"line":12,"column":38},"end":{"line":12,"column":73}},"5":{"start":{"line":13,"column":36},"end":{"line":13,"column":75}},"6":{"start":{"line":14,"column":40},"end":{"line":14,"column":81}},"7":{"start":{"line":15,"column":36},"end":{"line":15,"column":112}},"8":{"start":{"line":16,"column":36},"end":{"line":16,"column":101}},"9":{"start":{"line":18,"column":2},"end":{"line":29,"column":39}},"10":{"start":{"line":19,"column":4},"end":{"line":28,"column":5}},"11":{"start":{"line":20,"column":6},"end":{"line":20,"column":46}},"12":{"start":{"line":21,"column":6},"end":{"line":21,"column":49}},"13":{"start":{"line":22,"column":6},"end":{"line":22,"column":53}},"14":{"start":{"line":23,"column":6},"end":{"line":23,"column":60}},"15":{"start":{"line":24,"column":6},"end":{"line":24,"column":76}},"16":{"start":{"line":25,"column":11},"end":{"line":28,"column":5}},"17":{"start":{"line":26,"column":6},"end":{"line":26,"column":48}},"18":{"start":{"line":27,"column":6},"end":{"line":27,"column":53}},"19":{"start":{"line":32,"column":2},"end":{"line":32,"column":27}},"20":{"start":{"line":32,"column":15},"end":{"line":32,"column":27}},"21":{"start":{"line":34,"column":21},"end":{"line":36,"column":3}},"22":{"start":{"line":35,"column":4},"end":{"line":35,"column":23}},"23":{"start":{"line":38,"column":31},"end":{"line":59,"column":3}},"24":{"start":{"line":39,"column":24},"end":{"line":39,"column":71}},"25":{"start":{"line":39,"column":58},"end":{"line":39,"column":70}},"26":{"start":{"line":41,"column":4},"end":{"line":58,"column":7}},"27":{"start":{"line":42,"column":29},"end":{"line":48,"column":7}},"28":{"start":{"line":50,"column":6},"end":{"line":57,"column":11}},"29":{"start":{"line":53,"column":10},"end":{"line":53,"column":60}},"30":{"start":{"line":56,"column":10},"end":{"line":56,"column":55}},"31":{"start":{"line":61,"column":23},"end":{"line":95,"column":3}},"32":{"start":{"line":62,"column":4},"end":{"line":65,"column":5}},"33":{"start":{"line":63,"column":6},"end":{"line":63,"column":40}},"34":{"start":{"line":64,"column":6},"end":{"line":64,"column":13}},"35":{"start":{"line":67,"column":4},"end":{"line":70,"column":5}},"36":{"start":{"line":68,"column":6},"end":{"line":68,"column":52}},"37":{"start":{"line":69,"column":6},"end":{"line":69,"column":13}},"38":{"start":{"line":72,"column":21},"end":{"line":79,"column":5}},"39":{"start":{"line":81,"column":4},"end":{"line":92,"column":5}},"40":{"start":{"line":82,"column":6},"end":{"line":85,"column":7}},"41":{"start":{"line":83,"column":8},"end":{"line":83,"column":52}},"42":{"start":{"line":84,"column":8},"end":{"line":84,"column":15}},"43":{"start":{"line":86,"column":6},"end":{"line":86,"column":46}},"44":{"start":{"line":87,"column":6},"end":{"line":87,"column":43}},"45":{"start":{"line":89,"column":6},"end":{"line":89,"column":41}},"46":{"start":{"line":90,"column":6},"end":{"line":90,"column":37}},"47":{"start":{"line":91,"column":6},"end":{"line":91,"column":43}},"48":{"start":{"line":94,"column":4},"end":{"line":94,"column":14}},"49":{"start":{"line":97,"column":23},"end":{"line":111,"column":3}},"50":{"start":{"line":98,"column":4},"end":{"line":98,"column":50}},"51":{"start":{"line":98,"column":43},"end":{"line":98,"column":50}},"52":{"start":{"line":100,"column":4},"end":{"line":103,"column":5}},"53":{"start":{"line":101,"column":6},"end":{"line":101,"column":52}},"54":{"start":{"line":102,"column":6},"end":{"line":102,"column":13}},"55":{"start":{"line":105,"column":26},"end":{"line":105,"column":87}},"56":{"start":{"line":106,"column":4},"end":{"line":110,"column":5}},"57":{"start":{"line":107,"column":6},"end":{"line":107,"column":53}},"58":{"start":{"line":108,"column":6},"end":{"line":108,"column":43}},"59":{"start":{"line":109,"column":6},"end":{"line":109,"column":16}},"60":{"start":{"line":113,"column":2},"end":{"line":148,"column":4}},"61":{"start":{"line":122,"column":94},"end":{"line":122,"column":123}},"62":{"start":{"line":131,"column":94},"end":{"line":131,"column":122}},"63":{"start":{"line":134,"column":98},"end":{"line":134,"column":128}}},"fnMap":{"0":{"name":"(anonymous_0)","decl":{"start":{"line":7,"column":20},"end":{"line":7,"column":21}},"loc":{"start":{"line":7,"column":77},"end":{"line":149,"column":1}},"line":7},"1":{"name":"(anonymous_1)","decl":{"start":{"line":18,"column":12},"end":{"line":18,"column":13}},"loc":{"start":{"line":18,"column":18},"end":{"line":29,"column":3}},"line":18},"2":{"name":"(anonymous_2)","decl":{"start":{"line":34,"column":21},"end":{"line":34,"column":22}},"loc":{"start":{"line":34,"column":27},"end":{"line":36,"column":3}},"line":34},"3":{"name":"(anonymous_3)","decl":{"start":{"line":38,"column":31},"end":{"line":38,"column":32}},"loc":{"start":{"line":38,"column":46},"end":{"line":59,"column":3}},"line":38},"4":{"name":"(anonymous_4)","decl":{"start":{"line":39,"column":49},"end":{"line":39,"column":50}},"loc":{"start":{"line":39,"column":58},"end":{"line":39,"column":70}},"line":39},"5":{"name":"(anonymous_5)","decl":{"start":{"line":41,"column":24},"end":{"line":41,"column":25}},"loc":{"start":{"line":41,"column":35},"end":{"line":58,"column":5}},"line":41},"6":{"name":"(anonymous_6)","decl":{"start":{"line":52,"column":14},"end":{"line":52,"column":15}},"loc":{"start":{"line":52,"column":28},"end":{"line":54,"column":9}},"line":52},"7":{"name":"(anonymous_7)","decl":{"start":{"line":55,"column":15},"end":{"line":55,"column":16}},"loc":{"start":{"line":55,"column":26},"end":{"line":57,"column":9}},"line":55},"8":{"name":"(anonymous_8)","decl":{"start":{"line":61,"column":23},"end":{"line":61,"column":24}},"loc":{"start":{"line":61,"column":35},"end":{"line":95,"column":3}},"line":61},"9":{"name":"(anonymous_9)","decl":{"start":{"line":97,"column":23},"end":{"line":97,"column":24}},"loc":{"start":{"line":97,"column":29},"end":{"line":111,"column":3}},"line":97},"10":{"name":"(anonymous_10)","decl":{"start":{"line":122,"column":87},"end":{"line":122,"column":88}},"loc":{"start":{"line":122,"column":94},"end":{"line":122,"column":123}},"line":122},"11":{"name":"(anonymous_11)","decl":{"start":{"line":131,"column":87},"end":{"line":131,"column":88}},"loc":{"start":{"line":131,"column":94},"end":{"line":131,"column":122}},"line":131},"12":{"name":"(anonymous_12)","decl":{"start":{"line":134,"column":91},"end":{"line":134,"column":92}},"loc":{"start":{"line":134,"column":98},"end":{"line":134,"column":128}},"line":134}},"branchMap":{"0":{"loc":{"start":{"line":11,"column":45},"end":{"line":11,"column":72}},"type":"cond-expr","locations":[{"start":{"line":11,"column":60},"end":{"line":11,"column":65}},{"start":{"line":11,"column":68},"end":{"line":11,"column":72}}],"line":11},"1":{"loc":{"start":{"line":12,"column":47},"end":{"line":12,"column":72}},"type":"binary-expr","locations":[{"start":{"line":12,"column":47},"end":{"line":12,"column":66}},{"start":{"line":12,"column":70},"end":{"line":12,"column":72}}],"line":12},"2":{"loc":{"start":{"line":13,"column":45},"end":{"line":13,"column":74}},"type":"binary-expr","locations":[{"start":{"line":13,"column":45},"end":{"line":13,"column":68}},{"start":{"line":13,"column":72},"end":{"line":13,"column":74}}],"line":13},"3":{"loc":{"start":{"line":14,"column":49},"end":{"line":14,"column":80}},"type":"binary-expr","locations":[{"start":{"line":14,"column":49},"end":{"line":14,"column":74}},{"start":{"line":14,"column":78},"end":{"line":14,"column":80}}],"line":14},"4":{"loc":{"start":{"line":15,"column":45},"end":{"line":15,"column":111}},"type":"binary-expr","locations":[{"start":{"line":15,"column":45},"end":{"line":15,"column":79}},{"start":{"line":15,"column":83},"end":{"line":15,"column":105}},{"start":{"line":15,"column":109},"end":{"line":15,"column":111}}],"line":15},"5":{"loc":{"start":{"line":16,"column":45},"end":{"line":16,"column":100}},"type":"binary-expr","locations":[{"start":{"line":16,"column":45},"end":{"line":16,"column":63}},{"start":{"line":16,"column":67},"end":{"line":16,"column":89}},{"start":{"line":16,"column":93},"end":{"line":16,"column":100}}],"line":16},"6":{"loc":{"start":{"line":19,"column":4},"end":{"line":28,"column":5}},"type":"if","locations":[{"start":{"line":19,"column":4},"end":{"line":28,"column":5}},{"start":{"line":25,"column":11},"end":{"line":28,"column":5}}],"line":19},"7":{"loc":{"start":{"line":20,"column":20},"end":{"line":20,"column":44}},"type":"binary-expr","locations":[{"start":{"line":20,"column":20},"end":{"line":20,"column":38}},{"start":{"line":20,"column":42},"end":{"line":20,"column":44}}],"line":20},"8":{"loc":{"start":{"line":21,"column":19},"end":{"line":21,"column":47}},"type":"binary-expr","locations":[{"start":{"line":21,"column":19},"end":{"line":21,"column":41}},{"start":{"line":21,"column":45},"end":{"line":21,"column":47}}],"line":21},"9":{"loc":{"start":{"line":22,"column":21},"end":{"line":22,"column":51}},"type":"binary-expr","locations":[{"start":{"line":22,"column":21},"end":{"line":22,"column":45}},{"start":{"line":22,"column":49},"end":{"line":22,"column":51}}],"line":22},"10":{"loc":{"start":{"line":23,"column":19},"end":{"line":23,"column":58}},"type":"binary-expr","locations":[{"start":{"line":23,"column":19},"end":{"line":23,"column":52}},{"start":{"line":23,"column":56},"end":{"line":23,"column":58}}],"line":23},"11":{"loc":{"start":{"line":25,"column":11},"end":{"line":28,"column":5}},"type":"if","locations":[{"start":{"line":25,"column":11},"end":{"line":28,"column":5}},{"start":{},"end":{}}],"line":25},"12":{"loc":{"start":{"line":26,"column":19},"end":{"line":26,"column":46}},"type":"binary-expr","locations":[{"start":{"line":26,"column":19},"end":{"line":26,"column":40}},{"start":{"line":26,"column":44},"end":{"line":26,"column":46}}],"line":26},"13":{"loc":{"start":{"line":27,"column":19},"end":{"line":27,"column":51}},"type":"binary-expr","locations":[{"start":{"line":27,"column":19},"end":{"line":27,"column":40}},{"start":{"line":27,"column":44},"end":{"line":27,"column":51}}],"line":27},"14":{"loc":{"start":{"line":32,"column":2},"end":{"line":32,"column":27}},"type":"if","locations":[{"start":{"line":32,"column":2},"end":{"line":32,"column":27}},{"start":{},"end":{}}],"line":32},"15":{"loc":{"start":{"line":62,"column":4},"end":{"line":65,"column":5}},"type":"if","locations":[{"start":{"line":62,"column":4},"end":{"line":65,"column":5}},{"start":{},"end":{}}],"line":62},"16":{"loc":{"start":{"line":62,"column":8},"end":{"line":62,"column":70}},"type":"binary-expr","locations":[{"start":{"line":62,"column":8},"end":{"line":62,"column":26}},{"start":{"line":62,"column":30},"end":{"line":62,"column":47}},{"start":{"line":62,"column":51},"end":{"line":62,"column":70}}],"line":62},"17":{"loc":{"start":{"line":67,"column":4},"end":{"line":70,"column":5}},"type":"if","locations":[{"start":{"line":67,"column":4},"end":{"line":70,"column":5}},{"start":{},"end":{}}],"line":67},"18":{"loc":{"start":{"line":73,"column":10},"end":{"line":73,"column":39}},"type":"binary-expr","locations":[{"start":{"line":73,"column":10},"end":{"line":73,"column":26}},{"start":{"line":73,"column":30},"end":{"line":73,"column":39}}],"line":73},"19":{"loc":{"start":{"line":81,"column":4},"end":{"line":92,"column":5}},"type":"if","locations":[{"start":{"line":81,"column":4},"end":{"line":92,"column":5}},{"start":{"line":88,"column":11},"end":{"line":92,"column":5}}],"line":81},"20":{"loc":{"start":{"line":82,"column":6},"end":{"line":85,"column":7}},"type":"if","locations":[{"start":{"line":82,"column":6},"end":{"line":85,"column":7}},{"start":{},"end":{}}],"line":82},"21":{"loc":{"start":{"line":98,"column":4},"end":{"line":98,"column":50}},"type":"if","locations":[{"start":{"line":98,"column":4},"end":{"line":98,"column":50}},{"start":{},"end":{}}],"line":98},"22":{"loc":{"start":{"line":98,"column":8},"end":{"line":98,"column":41}},"type":"binary-expr","locations":[{"start":{"line":98,"column":8},"end":{"line":98,"column":21}},{"start":{"line":98,"column":25},"end":{"line":98,"column":41}}],"line":98},"23":{"loc":{"start":{"line":100,"column":4},"end":{"line":103,"column":5}},"type":"if","locations":[{"start":{"line":100,"column":4},"end":{"line":103,"column":5}},{"start":{},"end":{}}],"line":100},"24":{"loc":{"start":{"line":106,"column":4},"end":{"line":110,"column":5}},"type":"if","locations":[{"start":{"line":106,"column":4},"end":{"line":110,"column":5}},{"start":{},"end":{}}],"line":106},"25":{"loc":{"start":{"line":119,"column":44},"end":{"line":119,"column":91}},"type":"cond-expr","locations":[{"start":{"line":119,"column":59},"end":{"line":119,"column":74}},{"start":{"line":119,"column":77},"end":{"line":119,"column":91}}],"line":119},"26":{"loc":{"start":{"line":136,"column":9},"end":{"line":145,"column":9}},"type":"cond-expr","locations":[{"start":{"line":137,"column":10},"end":{"line":140,"column":16}},{"start":{"line":142,"column":10},"end":{"line":144,"column":19}}],"line":136},"27":{"loc":{"start":{"line":136,"column":9},"end":{"line":136,"column":35}},"type":"binary-expr","locations":[{"start":{"line":136,"column":9},"end":{"line":136,"column":21}},{"start":{"line":136,"column":25},"end":{"line":136,"column":35}}],"line":136},"28":{"loc":{"start":{"line":143,"column":13},"end":{"line":143,"column":59}},"type":"cond-expr","locations":[{"start":{"line":143,"column":28},"end":{"line":143,"column":42}},{"start":{"line":143,"column":45},"end":{"line":143,"column":59}}],"line":143}},"s":{"0":2,"1":13,"2":13,"3":13,"4":13,"5":13,"6":13,"7":13,"8":13,"9":13,"10":6,"11":1,"12":1,"13":1,"14":1,"15":1,"16":5,"17":5,"18":5,"19":13,"20":0,"21":13,"22":0,"23":13,"24":1,"25":1,"26":1,"27":1,"28":1,"29":0,"30":0,"31":13,"32":2,"33":1,"34":1,"35":1,"36":0,"37":0,"38":1,"39":1,"40":0,"41":0,"42":0,"43":0,"44":0,"45":1,"46":1,"47":1,"48":1,"49":13,"50":0,"51":0,"52":0,"53":0,"54":0,"55":0,"56":0,"57":0,"58":0,"59":0,"60":13,"61":2,"62":1,"63":1},"f":{"0":13,"1":6,"2":0,"3":1,"4":1,"5":1,"6":0,"7":0,"8":2,"9":0,"10":2,"11":1,"12":1},"b":{"0":[2,11],"1":[13,11],"2":[13,11],"3":[13,11],"4":[13,11,0],"5":[13,13,2],"6":[1,5],"7":[1,0],"8":[1,0],"9":[1,0],"10":[1,0],"11":[5,0],"12":[5,0],"13":[5,0],"14":[0,13],"15":[1,1],"16":[2,1,1],"17":[0,1],"18":[1,1],"19":[0,1],"20":[0,0],"21":[0,0],"22":[0,0],"23":[0,0],"24":[0,0],"25":[2,11],"26":[2,11],"27":[13,2],"28":[0,11]},"_coverageSchema":"1a1c01bbd47fc00a2c39e90264f33305004495a9","hash":"f3c79ae79f7a98351e409029810a5e2271b6f9a0"}
,"C:\\Users\\Dell\\Desktop\\UI and Testing\\usability-testing-and-verification-testtrio\\src\\redux\\store.js": {"path":"C:\\Users\\Dell\\Desktop\\UI and Testing\\usability-testing-and-verification-testtrio\\src\\redux\\store.js","statementMap":{"0":{"start":{"line":4,"column":20},"end":{"line":21,"column":2}},"1":{"start":{"line":8,"column":34},"end":{"line":8,"column":48}},"2":{"start":{"line":10,"column":6},"end":{"line":12,"column":7}},"3":{"start":{"line":11,"column":8},"end":{"line":11,"column":35}},"4":{"start":{"line":15,"column":6},"end":{"line":15,"column":93}},"5":{"start":{"line":15,"column":35},"end":{"line":15,"column":90}},"6":{"start":{"line":18,"column":6},"end":{"line":18,"column":66}},"7":{"start":{"line":18,"column":37},"end":{"line":18,"column":64}},"8":{"start":{"line":23,"column":63},"end":{"line":23,"column":82}},"9":{"start":{"line":27,"column":26},"end":{"line":44,"column":1}},"10":{"start":{"line":27,"column":32},"end":{"line":44,"column":1}},"11":{"start":{"line":28,"column":2},"end":{"line":43,"column":3}},"12":{"start":{"line":29,"column":19},"end":{"line":29,"column":38}},"13":{"start":{"line":30,"column":25},"end":{"line":30,"column":73}},"14":{"start":{"line":32,"column":4},"end":{"line":35,"column":5}},"15":{"start":{"line":33,"column":6},"end":{"line":33,"column":30}},"16":{"start":{"line":34,"column":6},"end":{"line":34,"column":13}},"17":{"start":{"line":38,"column":23},"end":{"line":38,"column":87}},"18":{"start":{"line":38,"column":48},"end":{"line":38,"column":86}},"19":{"start":{"line":39,"column":4},"end":{"line":39,"column":36}},"20":{"start":{"line":41,"column":4},"end":{"line":41,"column":51}},"21":{"start":{"line":42,"column":4},"end":{"line":42,"column":28}},"22":{"start":{"line":48,"column":30},"end":{"line":59,"column":1}},"23":{"start":{"line":48,"column":45},"end":{"line":59,"column":1}},"24":{"start":{"line":49,"column":2},"end":{"line":58,"column":3}},"25":{"start":{"line":50,"column":21},"end":{"line":50,"column":49}},"26":{"start":{"line":51,"column":4},"end":{"line":55,"column":5}},"27":{"start":{"line":52,"column":6},"end":{"line":52,"column":35}},"28":{"start":{"line":54,"column":6},"end":{"line":54,"column":66}},"29":{"start":{"line":57,"column":4},"end":{"line":57,"column":50}},"30":{"start":{"line":63,"column":35},"end":{"line":73,"column":1}},"31":{"start":{"line":63,"column":50},"end":{"line":73,"column":1}},"32":{"start":{"line":64,"column":2},"end":{"line":64,"column":29}},"33":{"start":{"line":64,"column":22},"end":{"line":64,"column":29}},"34":{"start":{"line":65,"column":2},"end":{"line":72,"column":3}},"35":{"start":{"line":66,"column":25},"end":{"line":66,"column":53}},"36":{"start":{"line":67,"column":4},"end":{"line":69,"column":5}},"37":{"start":{"line":68,"column":6},"end":{"line":68,"column":40}},"38":{"start":{"line":71,"column":4},"end":{"line":71,"column":50}},"39":{"start":{"line":76,"column":35},"end":{"line":84,"column":1}},"40":{"start":{"line":76,"column":48},"end":{"line":84,"column":1}},"41":{"start":{"line":77,"column":2},"end":{"line":77,"column":23}},"42":{"start":{"line":77,"column":16},"end":{"line":77,"column":23}},"43":{"start":{"line":78,"column":2},"end":{"line":83,"column":3}},"44":{"start":{"line":79,"column":4},"end":{"line":79,"column":31}},"45":{"start":{"line":80,"column":4},"end":{"line":80,"column":35}},"46":{"start":{"line":82,"column":4},"end":{"line":82,"column":50}},"47":{"start":{"line":86,"column":14},"end":{"line":88,"column":2}}},"fnMap":{"0":{"name":"(anonymous_0)","decl":{"start":{"line":8,"column":15},"end":{"line":8,"column":16}},"loc":{"start":{"line":8,"column":34},"end":{"line":8,"column":48}},"line":8},"1":{"name":"(anonymous_1)","decl":{"start":{"line":9,"column":14},"end":{"line":9,"column":15}},"loc":{"start":{"line":9,"column":33},"end":{"line":13,"column":5}},"line":9},"2":{"name":"(anonymous_2)","decl":{"start":{"line":14,"column":15},"end":{"line":14,"column":16}},"loc":{"start":{"line":14,"column":34},"end":{"line":16,"column":5}},"line":14},"3":{"name":"(anonymous_3)","decl":{"start":{"line":15,"column":23},"end":{"line":15,"column":24}},"loc":{"start":{"line":15,"column":35},"end":{"line":15,"column":90}},"line":15},"4":{"name":"(anonymous_4)","decl":{"start":{"line":17,"column":17},"end":{"line":17,"column":18}},"loc":{"start":{"line":17,"column":36},"end":{"line":19,"column":5}},"line":17},"5":{"name":"(anonymous_5)","decl":{"start":{"line":18,"column":26},"end":{"line":18,"column":27}},"loc":{"start":{"line":18,"column":37},"end":{"line":18,"column":64}},"line":18},"6":{"name":"(anonymous_6)","decl":{"start":{"line":27,"column":26},"end":{"line":27,"column":27}},"loc":{"start":{"line":27,"column":32},"end":{"line":44,"column":1}},"line":27},"7":{"name":"(anonymous_7)","decl":{"start":{"line":27,"column":32},"end":{"line":27,"column":33}},"loc":{"start":{"line":27,"column":52},"end":{"line":44,"column":1}},"line":27},"8":{"name":"(anonymous_8)","decl":{"start":{"line":38,"column":37},"end":{"line":38,"column":38}},"loc":{"start":{"line":38,"column":48},"end":{"line":38,"column":86}},"line":38},"9":{"name":"(anonymous_9)","decl":{"start":{"line":48,"column":30},"end":{"line":48,"column":31}},"loc":{"start":{"line":48,"column":45},"end":{"line":59,"column":1}},"line":48},"10":{"name":"(anonymous_10)","decl":{"start":{"line":48,"column":45},"end":{"line":48,"column":46}},"loc":{"start":{"line":48,"column":65},"end":{"line":59,"column":1}},"line":48},"11":{"name":"(anonymous_11)","decl":{"start":{"line":63,"column":35},"end":{"line":63,"column":36}},"loc":{"start":{"line":63,"column":50},"end":{"line":73,"column":1}},"line":63},"12":{"name":"(anonymous_12)","decl":{"start":{"line":63,"column":50},"end":{"line":63,"column":51}},"loc":{"start":{"line":63,"column":70},"end":{"line":73,"column":1}},"line":63},"13":{"name":"(anonymous_13)","decl":{"start":{"line":76,"column":35},"end":{"line":76,"column":36}},"loc":{"start":{"line":76,"column":48},"end":{"line":84,"column":1}},"line":76},"14":{"name":"(anonymous_14)","decl":{"start":{"line":76,"column":48},"end":{"line":76,"column":49}},"loc":{"start":{"line":76,"column":68},"end":{"line":84,"column":1}},"line":76}},"branchMap":{"0":{"loc":{"start":{"line":10,"column":6},"end":{"line":12,"column":7}},"type":"if","locations":[{"start":{"line":10,"column":6},"end":{"line":12,"column":7}},{"start":{},"end":{}}],"line":10},"1":{"loc":{"start":{"line":10,"column":10},"end":{"line":10,"column":45}},"type":"binary-expr","locations":[{"start":{"line":10,"column":10},"end":{"line":10,"column":24}},{"start":{"line":10,"column":28},"end":{"line":10,"column":45}}],"line":10},"2":{"loc":{"start":{"line":15,"column":35},"end":{"line":15,"column":90}},"type":"cond-expr","locations":[{"start":{"line":15,"column":68},"end":{"line":15,"column":82}},{"start":{"line":15,"column":85},"end":{"line":15,"column":90}}],"line":15},"3":{"loc":{"start":{"line":32,"column":4},"end":{"line":35,"column":5}},"type":"if","locations":[{"start":{"line":32,"column":4},"end":{"line":35,"column":5}},{"start":{},"end":{}}],"line":32},"4":{"loc":{"start":{"line":51,"column":4},"end":{"line":55,"column":5}},"type":"if","locations":[{"start":{"line":51,"column":4},"end":{"line":55,"column":5}},{"start":{"line":53,"column":11},"end":{"line":55,"column":5}}],"line":51},"5":{"loc":{"start":{"line":64,"column":2},"end":{"line":64,"column":29}},"type":"if","locations":[{"start":{"line":64,"column":2},"end":{"line":64,"column":29}},{"start":{},"end":{}}],"line":64},"6":{"loc":{"start":{"line":67,"column":4},"end":{"line":69,"column":5}},"type":"if","locations":[{"start":{"line":67,"column":4},"end":{"line":69,"column":5}},{"start":{},"end":{}}],"line":67},"7":{"loc":{"start":{"line":77,"column":2},"end":{"line":77,"column":23}},"type":"if","locations":[{"start":{"line":77,"column":2},"end":{"line":77,"column":23}},{"start":{},"end":{}}],"line":77}},"s":{"0":2,"1":0,"2":0,"3":0,"4":0,"5":0,"6":0,"7":0,"8":2,"9":2,"10":3,"11":0,"12":0,"13":0,"14":0,"15":0,"16":0,"17":0,"18":0,"19":0,"20":0,"21":0,"22":2,"23":1,"24":0,"25":0,"26":0,"27":0,"28":0,"29":0,"30":2,"31":0,"32":0,"33":0,"34":0,"35":0,"36":0,"37":0,"38":0,"39":2,"40":0,"41":0,"42":0,"43":0,"44":0,"45":0,"46":0,"47":2},"f":{"0":0,"1":0,"2":0,"3":0,"4":0,"5":0,"6":3,"7":0,"8":0,"9":1,"10":0,"11":0,"12":0,"13":0,"14":0},"b":{"0":[0,0],"1":[0,0],"2":[0,0],"3":[0,0],"4":[0,0],"5":[0,0],"6":[0,0],"7":[0,0]},"_coverageSchema":"1a1c01bbd47fc00a2c39e90264f33305004495a9","hash":"176f906d2e9f12871153585862f988e82d24418b"}
,"C:\\Users\\Dell\\Desktop\\UI and Testing\\usability-testing-and-verification-testtrio\\src\\utils\\util.js": {"path":"C:\\Users\\Dell\\Desktop\\UI and Testing\\usability-testing-and-verification-testtrio\\src\\utils\\util.js","statementMap":{"0":{"start":{"line":1,"column":16},"end":{"line":1,"column":46}},"1":{"start":{"line":4,"column":27},"end":{"line":15,"column":1}},"2":{"start":{"line":5,"column":2},"end":{"line":14,"column":3}},"3":{"start":{"line":6,"column":21},"end":{"line":6,"column":41}},"4":{"start":{"line":7,"column":4},"end":{"line":7,"column":64}},"5":{"start":{"line":7,"column":22},"end":{"line":7,"column":64}},"6":{"start":{"line":9,"column":19},"end":{"line":9,"column":40}},"7":{"start":{"line":10,"column":4},"end":{"line":10,"column":47}},"8":{"start":{"line":12,"column":4},"end":{"line":12,"column":51}},"9":{"start":{"line":13,"column":4},"end":{"line":13,"column":14}},"10":{"start":{"line":18,"column":27},"end":{"line":33,"column":1}},"11":{"start":{"line":19,"column":2},"end":{"line":32,"column":3}},"12":{"start":{"line":20,"column":21},"end":{"line":24,"column":6}},"13":{"start":{"line":26,"column":4},"end":{"line":26,"column":64}},"14":{"start":{"line":26,"column":22},"end":{"line":26,"column":64}},"15":{"start":{"line":28,"column":4},"end":{"line":28,"column":33}},"16":{"start":{"line":30,"column":4},"end":{"line":30,"column":50}},"17":{"start":{"line":31,"column":4},"end":{"line":31,"column":16}},"18":{"start":{"line":36,"column":27},"end":{"line":56,"column":1}},"19":{"start":{"line":37,"column":2},"end":{"line":40,"column":3}},"20":{"start":{"line":38,"column":4},"end":{"line":38,"column":60}},"21":{"start":{"line":39,"column":4},"end":{"line":39,"column":16}},"22":{"start":{"line":42,"column":2},"end":{"line":55,"column":3}},"23":{"start":{"line":43,"column":21},"end":{"line":47,"column":6}},"24":{"start":{"line":49,"column":4},"end":{"line":49,"column":64}},"25":{"start":{"line":49,"column":22},"end":{"line":49,"column":64}},"26":{"start":{"line":51,"column":4},"end":{"line":51,"column":33}},"27":{"start":{"line":53,"column":4},"end":{"line":53,"column":50}},"28":{"start":{"line":54,"column":4},"end":{"line":54,"column":16}},"29":{"start":{"line":59,"column":27},"end":{"line":76,"column":1}},"30":{"start":{"line":60,"column":2},"end":{"line":63,"column":3}},"31":{"start":{"line":61,"column":4},"end":{"line":61,"column":62}},"32":{"start":{"line":62,"column":4},"end":{"line":62,"column":11}},"33":{"start":{"line":65,"column":2},"end":{"line":75,"column":3}},"34":{"start":{"line":66,"column":21},"end":{"line":68,"column":6}},"35":{"start":{"line":70,"column":4},"end":{"line":70,"column":64}},"36":{"start":{"line":70,"column":22},"end":{"line":70,"column":64}},"37":{"start":{"line":72,"column":4},"end":{"line":72,"column":58}},"38":{"start":{"line":74,"column":4},"end":{"line":74,"column":50}}},"fnMap":{"0":{"name":"(anonymous_0)","decl":{"start":{"line":4,"column":27},"end":{"line":4,"column":28}},"loc":{"start":{"line":4,"column":39},"end":{"line":15,"column":1}},"line":4},"1":{"name":"(anonymous_1)","decl":{"start":{"line":18,"column":27},"end":{"line":18,"column":28}},"loc":{"start":{"line":18,"column":48},"end":{"line":33,"column":1}},"line":18},"2":{"name":"(anonymous_2)","decl":{"start":{"line":36,"column":27},"end":{"line":36,"column":28}},"loc":{"start":{"line":36,"column":48},"end":{"line":56,"column":1}},"line":36},"3":{"name":"(anonymous_3)","decl":{"start":{"line":59,"column":27},"end":{"line":59,"column":28}},"loc":{"start":{"line":59,"column":46},"end":{"line":76,"column":1}},"line":59}},"branchMap":{"0":{"loc":{"start":{"line":7,"column":4},"end":{"line":7,"column":64}},"type":"if","locations":[{"start":{"line":7,"column":4},"end":{"line":7,"column":64}},{"start":{},"end":{}}],"line":7},"1":{"loc":{"start":{"line":10,"column":11},"end":{"line":10,"column":46}},"type":"cond-expr","locations":[{"start":{"line":10,"column":35},"end":{"line":10,"column":41}},{"start":{"line":10,"column":44},"end":{"line":10,"column":46}}],"line":10},"2":{"loc":{"start":{"line":26,"column":4},"end":{"line":26,"column":64}},"type":"if","locations":[{"start":{"line":26,"column":4},"end":{"line":26,"column":64}},{"start":{},"end":{}}],"line":26},"3":{"loc":{"start":{"line":37,"column":2},"end":{"line":40,"column":3}},"type":"if","locations":[{"start":{"line":37,"column":2},"end":{"line":40,"column":3}},{"start":{},"end":{}}],"line":37},"4":{"loc":{"start":{"line":49,"column":4},"end":{"line":49,"column":64}},"type":"if","locations":[{"start":{"line":49,"column":4},"end":{"line":49,"column":64}},{"start":{},"end":{}}],"line":49},"5":{"loc":{"start":{"line":60,"column":2},"end":{"line":63,"column":3}},"type":"if","locations":[{"start":{"line":60,"column":2},"end":{"line":63,"column":3}},{"start":{},"end":{}}],"line":60},"6":{"loc":{"start":{"line":70,"column":4},"end":{"line":70,"column":64}},"type":"if","locations":[{"start":{"line":70,"column":4},"end":{"line":70,"column":64}},{"start":{},"end":{}}],"line":70}},"s":{"0":2,"1":2,"2":0,"3":0,"4":0,"5":0,"6":0,"7":0,"8":0,"9":0,"10":2,"11":0,"12":0,"13":0,"14":0,"15":0,"16":0,"17":0,"18":2,"19":0,"20":0,"21":0,"22":0,"23":0,"24":0,"25":0,"26":0,"27":0,"28":0,"29":2,"30":0,"31":0,"32":0,"33":0,"34":0,"35":0,"36":0,"37":0,"38":0},"f":{"0":0,"1":0,"2":0,"3":0},"b":{"0":[0,0],"1":[0,0],"2":[0,0],"3":[0,0],"4":[0,0],"5":[0,0],"6":[0,0]},"_coverageSchema":"1a1c01bbd47fc00a2c39e90264f33305004495a9","hash":"b520d05ff4db9bb2f9a2fd87f68682e39bd3774f"}
}
